SF:lib/providers/auth_provider.dart
DA:26,2
DA:27,2
DA:28,10
DA:29,6
DA:30,10
DA:31,4
DA:33,6
DA:34,6
DA:35,3
DA:36,6
DA:37,9
DA:40,3
DA:42,3
DA:43,0
DA:44,0
DA:47,0
DA:48,0
DA:49,0
DA:52,0
DA:54,0
DA:59,3
DA:61,6
DA:64,0
DA:66,0
DA:71,0
DA:73,0
DA:76,0
DA:78,0
DA:83,0
DA:84,0
DA:85,0
DA:89,0
DA:90,0
DA:95,0
DA:96,0
DA:99,0
DA:102,0
DA:105,0
DA:106,0
DA:107,0
DA:110,0
DA:111,0
DA:117,1
DA:118,1
DA:119,1
DA:123,0
DA:124,0
DA:129,0
DA:130,0
DA:133,0
DA:136,0
DA:137,0
DA:141,0
DA:142,0
DA:148,0
DA:150,0
DA:151,0
DA:152,0
DA:153,0
DA:154,0
DA:155,0
DA:158,0
DA:164,0
DA:166,0
DA:168,0
DA:169,0
DA:172,0
DA:175,0
DA:181,1
DA:182,1
DA:183,1
DA:184,1
DA:185,1
DA:186,1
DA:190,0
DA:192,0
DA:194,0
DA:195,0
DA:199,0
DA:200,0
DA:201,0
DA:202,0
DA:204,0
DA:209,0
DA:211,0
DA:212,0
DA:213,0
DA:214,0
DA:216,0
DA:221,0
DA:223,0
DA:224,0
DA:225,0
DA:226,0
DA:227,0
DA:229,0
DA:234,0
DA:236,0
DA:237,0
DA:238,0
DA:239,0
DA:240,0
DA:242,0
DA:247,1
DA:249,3
DA:250,3
DA:253,0
DA:254,0
DA:257,0
DA:258,0
DA:260,2
DA:265,1
DA:267,3
DA:268,3
DA:269,0
DA:270,0
DA:272,2
DA:277,0
DA:279,0
DA:286,0
DA:287,0
DA:289,0
DA:290,0
DA:291,0
DA:296,9
DA:297,9
DA:298,9
DA:302,0
DA:303,0
DA:305,0
DA:306,0
DA:307,0
DA:309,0
DA:315,9
DA:316,9
DA:317,9
DA:321,0
DA:322,0
DA:323,0
DA:325,0
DA:326,0
DA:327,0
DA:330,0
DA:332,0
DA:333,0
DA:341,2
DA:342,2
DA:343,2
DA:344,2
DA:348,1
DA:349,1
DA:350,1
DA:354,0
DA:356,0
DA:357,0
DA:358,0
DA:359,0
DA:360,0
DA:361,0
DA:362,0
DA:363,0
DA:365,0
DA:369,9
DA:371,9
DA:372,9
DA:373,9
LF:166
LH:49
end_of_record
SF:lib/utils/auth_utils.dart
DA:7,1
DA:8,1
DA:10,2
DA:11,1
DA:12,1
DA:13,1
DA:14,1
DA:19,1
DA:20,1
DA:27,3
DA:30,1
DA:33,0
DA:34,0
DA:41,1
DA:45,1
DA:46,2
DA:47,1
DA:48,1
DA:49,1
DA:50,1
DA:55,1
DA:68,1
DA:72,0
DA:73,0
DA:74,0
DA:76,0
DA:77,0
DA:78,0
DA:79,0
DA:80,0
DA:85,0
DA:86,0
DA:93,0
DA:94,0
DA:100,0
DA:104,0
DA:105,0
DA:106,0
DA:107,0
DA:108,0
DA:109,0
DA:114,0
DA:115,0
DA:122,0
DA:130,0
DA:131,0
DA:132,0
DA:133,0
DA:134,0
DA:135,0
DA:140,0
DA:141,0
DA:155,0
DA:159,1
DA:167,1
DA:169,2
DA:170,1
DA:171,1
DA:172,1
DA:173,1
DA:174,0
DA:175,1
DA:177,1
DA:178,3
DA:180,0
DA:181,0
DA:184,1
DA:194,0
DA:195,0
DA:198,0
DA:199,0
DA:201,0
DA:203,0
DA:205,0
DA:214,0
DA:215,0
DA:219,1
DA:220,1
DA:222,2
DA:246,1
DA:247,1
DA:248,0
DA:257,0
DA:258,0
DA:260,0
DA:274,0
DA:275,0
DA:276,0
DA:285,0
DA:287,0
DA:288,0
DA:290,0
DA:291,0
DA:293,0
DA:294,0
DA:296,0
DA:297,0
DA:314,1
DA:316,1
DA:318,1
DA:320,1
DA:322,1
DA:324,0
DA:326,0
DA:332,1
DA:334,1
DA:336,1
DA:338,1
DA:340,1
DA:342,1
DA:344,0
DA:350,1
DA:352,1
DA:353,1
DA:355,1
DA:357,1
DA:359,1
DA:361,0
LF:118
LH:53
end_of_record
SF:lib/services/auth_service.dart
DA:10,0
DA:12,0
DA:13,0
DA:14,0
DA:16,0
DA:23,0
DA:28,0
DA:30,0
DA:32,0
DA:33,0
DA:36,0
DA:37,0
DA:40,0
DA:49,0
DA:53,0
DA:54,0
DA:55,0
DA:56,0
DA:57,0
DA:58,0
DA:59,0
DA:61,0
DA:67,1
DA:68,4
DA:69,1
DA:73,2
DA:75,2
DA:80,0
DA:82,0
DA:84,0
DA:89,0
DA:91,0
DA:98,0
DA:100,0
DA:102,0
DA:107,2
DA:109,4
DA:111,4
DA:116,3
DA:118,6
DA:120,0
DA:125,1
DA:126,1
DA:127,1
DA:132,1
DA:133,1
DA:134,1
DA:139,1
DA:140,1
DA:144,0
DA:145,0
DA:149,1
DA:150,1
DA:154,0
DA:156,0
DA:158,0
DA:163,1
DA:164,1
DA:168,1
DA:169,0
DA:170,0
DA:175,1
LF:62
LH:24
end_of_record
SF:lib/screens/onboarding_screen.dart
DA:8,2
DA:10,1
DA:11,1
DA:19,1
DA:21,2
DA:22,1
DA:25,0
DA:26,0
DA:27,0
DA:34,0
DA:35,0
DA:36,0
DA:43,0
DA:44,0
DA:47,0
DA:48,0
DA:49,0
DA:53,0
DA:54,0
DA:56,0
DA:57,0
DA:58,0
DA:61,0
DA:62,0
DA:63,0
DA:69,0
DA:70,0
DA:71,0
DA:77,0
DA:78,0
DA:79,0
DA:80,0
DA:81,0
DA:85,0
DA:86,0
DA:88,0
DA:89,0
DA:90,0
DA:93,0
DA:94,0
DA:95,0
DA:101,0
DA:102,0
DA:103,0
DA:110,0
DA:111,0
DA:114,0
DA:115,0
DA:116,0
DA:117,0
DA:119,0
DA:121,0
DA:124,0
DA:139,0
DA:140,0
DA:145,0
DA:146,0
DA:147,0
DA:150,0
DA:151,0
DA:152,0
DA:153,0
DA:154,0
DA:164,0
DA:168,1
DA:170,1
DA:172,1
DA:173,1
DA:174,1
DA:175,1
DA:178,1
DA:179,3
DA:180,2
DA:184,1
DA:185,1
DA:186,1
DA:188,1
DA:190,1
DA:192,1
DA:193,2
DA:194,0
DA:195,0
DA:199,1
DA:202,1
DA:203,2
DA:204,1
DA:208,1
DA:210,2
DA:211,2
DA:212,2
DA:218,1
DA:219,1
DA:227,1
DA:228,1
DA:229,1
DA:230,0
DA:231,0
DA:232,0
DA:235,1
DA:236,1
DA:237,1
DA:238,1
DA:249,1
DA:250,2
DA:252,1
DA:254,1
DA:256,1
DA:258,1
DA:261,1
DA:262,2
DA:263,1
DA:265,1
DA:268,2
DA:274,1
DA:276,3
DA:284,1
DA:286,3
DA:287,3
DA:295,1
DA:296,1
DA:297,1
DA:303,1
DA:309,1
DA:319,1
DA:320,1
DA:321,1
DA:334,1
DA:335,2
DA:337,1
DA:339,1
DA:341,1
DA:342,1
DA:345,2
DA:350,1
DA:352,3
DA:360,1
DA:362,3
DA:363,3
DA:371,1
DA:372,1
DA:373,1
DA:379,1
DA:385,1
DA:395,1
DA:396,1
DA:397,1
DA:410,1
DA:411,2
DA:413,1
DA:414,0
DA:415,0
DA:417,0
DA:419,0
DA:421,0
DA:422,0
DA:425,0
DA:430,0
DA:432,0
DA:440,0
DA:442,0
DA:443,0
DA:451,0
DA:452,0
DA:453,0
DA:456,0
DA:458,0
DA:464,0
DA:468,0
DA:469,0
DA:472,0
DA:474,0
DA:477,0
DA:479,0
DA:480,0
DA:483,0
DA:484,0
DA:485,0
DA:496,1
DA:497,2
DA:499,1
DA:500,1
DA:501,1
DA:504,1
DA:505,3
DA:506,1
DA:508,1
DA:510,2
DA:514,1
DA:515,1
DA:517,1
DA:518,1
DA:520,3
DA:524,1
DA:526,3
DA:527,3
DA:537,1
DA:538,2
DA:540,1
DA:542,1
DA:543,3
DA:544,1
DA:546,1
DA:547,1
DA:548,1
DA:550,2
DA:554,1
DA:555,1
DA:557,1
DA:558,1
DA:560,3
DA:565,1
DA:567,3
DA:568,3
DA:579,0
DA:586,0
DA:588,0
DA:589,0
DA:590,0
DA:592,0
DA:593,0
DA:596,0
DA:598,0
DA:599,0
DA:601,0
DA:604,0
DA:605,0
DA:606,0
DA:608,0
DA:612,0
DA:614,0
DA:619,0
DA:620,0
DA:621,0
DA:623,0
DA:625,0
DA:626,0
DA:633,0
LF:237
LH:122
end_of_record
SF:lib/services/secure_storage_service.dart
DA:19,3
DA:21,6
DA:22,3
DA:24,6
DA:29,4
DA:31,4
DA:35,0
DA:36,0
DA:38,2
DA:43,2
DA:46,2
DA:49,2
DA:52,2
DA:53,0
DA:55,4
DA:60,1
DA:62,1
DA:63,0
DA:69,0
DA:70,0
DA:72,2
DA:77,1
DA:79,1
DA:87,0
DA:89,0
DA:90,0
DA:92,0
DA:97,0
DA:99,0
DA:100,0
DA:101,0
DA:103,0
DA:108,2
DA:109,4
DA:110,8
DA:111,2
DA:115,2
DA:116,2
DA:117,2
DA:121,4
DA:122,2
DA:123,4
DA:126,2
LF:43
LH:28
end_of_record
SF:lib/models/auth_config.dart
DA:13,27
DA:24,2
DA:34,2
DA:35,2
DA:36,2
DA:37,2
DA:38,2
DA:39,2
DA:40,1
DA:41,2
DA:42,2
DA:46,3
DA:47,3
DA:48,3
DA:49,3
DA:50,3
DA:51,6
DA:52,3
DA:53,3
DA:54,4
DA:55,4
DA:59,0
DA:60,0
DA:61,0
DA:62,0
DA:63,0
DA:64,0
DA:65,0
DA:66,0
DA:67,0
DA:68,0
DA:70,0
DA:71,0
DA:78,6
DA:80,3
DA:81,3
DA:82,3
DA:85,1
DA:86,1
DA:87,0
DA:90,1
DA:91,1
DA:92,4
DA:93,2
DA:96,1
DA:97,1
DA:98,1
DA:104,1
DA:105,2
DA:109,1
DA:110,2
DA:113,1
LF:52
LH:39
end_of_record
SF:lib/models/auth_error.dart
DA:14,3
DA:16,3
DA:17,6
DA:21,1
DA:23,1
DA:25,1
DA:27,1
DA:29,1
DA:31,0
DA:33,0
DA:38,0
LF:11
LH:8
end_of_record
SF:lib/models/auth_method.dart
DA:8,0
DA:10,0
DA:12,0
DA:14,0
DA:19,0
DA:20,0
LF:6
LH:0
end_of_record
SF:lib/models/biometric_capability.dart
DA:9,11
DA:16,0
DA:22,0
DA:23,0
DA:24,0
DA:25,0
DA:26,0
DA:30,0
DA:31,0
DA:32,0
DA:33,0
DA:34,0
DA:35,0
DA:39,0
DA:40,0
DA:41,0
DA:42,0
DA:43,0
DA:44,0
DA:45,0
DA:46,0
DA:52,9
DA:53,9
DA:54,9
DA:56,3
DA:57,3
DA:58,3
DA:59,3
DA:63,6
LF:29
LH:9
end_of_record
SF:lib/models/totp_account.dart
DA:16,0
DA:17,0
LF:2
LH:0
end_of_record
SF:lib/models/totp_account.g.dart
DA:9,0
DA:10,0
DA:11,0
DA:12,0
DA:13,0
DA:14,0
DA:17,0
DA:18,0
DA:19,0
DA:20,0
DA:21,0
DA:22,0
DA:23,0
LF:13
LH:0
end_of_record
SF:lib/utils/password_utils.dart
DA:6,1
DA:7,4
DA:11,1
DA:12,1
DA:17,1
DA:22,1
DA:27,1
DA:32,3
DA:33,1
DA:35,0
DA:43,1
DA:44,1
DA:49,1
DA:53,1
DA:55,4
DA:60,2
DA:61,1
DA:62,1
DA:63,1
DA:67,1
DA:68,2
DA:77,1
DA:78,1
DA:86,1
DA:90,0
DA:92,0
DA:94,0
DA:96,0
DA:98,0
DA:104,1
DA:105,1
DA:106,1
DA:108,2
DA:109,4
DA:112,2
DA:113,1
DA:121,1
DA:122,1
DA:127,2
DA:129,2
DA:134,1
DA:135,2
DA:139,1
DA:140,2
DA:155,1
DA:157,1
DA:159,1
DA:161,1
DA:163,1
DA:169,1
DA:171,1
DA:173,1
DA:175,1
DA:177,1
DA:183,1
DA:185,1
DA:187,1
DA:189,1
DA:191,1
LF:59
LH:53
end_of_record
SF:lib/providers/account_provider.dart
DA:16,0
DA:18,0
DA:19,0
DA:20,0
DA:23,0
DA:25,0
DA:29,0
DA:30,0
DA:31,0
DA:34,0
DA:35,0
DA:37,0
DA:38,0
DA:41,0
DA:42,0
DA:43,0
DA:45,0
DA:46,0
DA:47,0
DA:49,0
DA:53,0
DA:54,0
DA:55,0
DA:56,0
DA:59,0
DA:60,0
DA:61,0
DA:62,0
DA:63,0
DA:64,0
DA:68,0
DA:71,0
DA:72,0
DA:75,0
DA:78,0
DA:84,0
DA:86,0
DA:87,0
DA:90,0
DA:96,0
DA:98,0
DA:99,0
DA:102,0
DA:108,0
DA:110,0
DA:113,0
DA:114,0
DA:115,0
DA:116,0
DA:117,0
DA:118,0
DA:121,0
DA:122,0
DA:125,0
DA:126,0
DA:131,0
DA:132,0
DA:135,0
DA:139,0
LF:59
LH:0
end_of_record
SF:lib/screens/home_screen.dart
DA:16,2
DA:18,0
DA:19,0
DA:26,0
DA:28,0
DA:29,0
DA:32,0
DA:33,0
DA:37,0
DA:38,0
DA:39,0
DA:41,0
DA:44,0
DA:45,0
DA:46,0
DA:47,0
DA:52,0
DA:53,0
DA:54,0
DA:55,0
DA:62,0
DA:71,0
DA:72,0
DA:73,0
DA:74,0
DA:75,0
DA:82,0
DA:91,0
DA:92,0
DA:93,0
DA:101,0
DA:102,0
DA:105,0
DA:106,0
DA:115,0
DA:119,0
DA:127,0
DA:131,0
DA:142,0
DA:143,0
DA:145,0
DA:146,0
DA:148,0
DA:150,0
DA:151,0
DA:154,0
DA:155,0
DA:156,0
DA:168,0
DA:176,0
DA:177,0
DA:178,0
DA:180,0
DA:181,0
DA:186,0
DA:194,0
DA:195,0
DA:196,0
DA:198,0
DA:199,0
DA:212,0
DA:214,0
DA:215,0
DA:217,0
DA:218,0
DA:220,0
DA:221,0
DA:222,0
DA:224,0
DA:226,0
DA:227,0
DA:231,0
DA:232,0
DA:234,0
DA:236,0
DA:237,0
DA:238,0
DA:239,0
DA:240,0
DA:241,0
DA:242,0
DA:244,0
DA:245,0
DA:248,0
DA:249,0
DA:251,0
DA:252,0
DA:257,0
DA:279,0
DA:281,0
DA:282,0
DA:283,0
DA:284,0
DA:285,0
DA:289,0
DA:291,0
DA:292,0
DA:293,0
DA:294,0
DA:295,0
DA:303,0
DA:304,0
DA:306,0
DA:307,0
DA:309,0
DA:310,0
DA:311,0
DA:312,0
DA:313,0
DA:314,0
DA:317,0
DA:320,0
DA:321,0
DA:323,0
DA:324,0
DA:325,0
DA:326,0
DA:331,0
DA:332,0
DA:336,0
DA:345,0
DA:346,0
DA:347,0
DA:348,0
DA:350,0
DA:351,0
DA:354,0
DA:363,0
DA:366,0
DA:369,0
DA:371,0
DA:372,0
DA:373,0
DA:374,0
DA:376,0
DA:377,0
DA:383,0
DA:388,0
DA:389,0
DA:390,0
DA:392,0
DA:393,0
DA:399,0
DA:408,0
DA:409,0
DA:410,0
DA:412,0
DA:413,0
DA:416,0
DA:419,0
DA:421,0
DA:423,0
DA:427,0
DA:429,0
DA:431,0
DA:437,0
DA:438,0
DA:439,0
DA:440,0
DA:441,0
LF:160
LH:1
end_of_record
SF:lib/screens/settings_screen.dart
DA:8,3
DA:10,1
DA:12,1
DA:13,1
DA:17,1
DA:18,1
DA:19,1
DA:21,1
DA:23,1
DA:30,1
DA:32,1
DA:37,1
DA:39,1
DA:44,1
DA:46,1
DA:54,1
DA:55,1
DA:56,1
DA:58,3
DA:60,2
DA:65,1
DA:66,1
DA:68,1
DA:69,1
DA:70,1
DA:72,1
DA:73,1
DA:75,2
DA:78,4
DA:80,2
DA:86,1
DA:87,1
DA:89,2
DA:94,1
DA:96,2
DA:106,1
DA:107,1
DA:109,1
DA:110,1
DA:111,1
DA:112,1
DA:113,1
DA:115,2
DA:119,0
DA:124,1
DA:125,1
DA:127,2
DA:131,0
DA:136,1
DA:137,1
DA:139,2
DA:143,0
DA:150,1
DA:151,1
DA:153,1
DA:154,3
DA:155,1
DA:156,1
DA:157,1
DA:158,1
DA:160,2
DA:162,1
DA:164,3
DA:168,0
DA:175,1
DA:177,1
DA:179,1
DA:181,1
DA:186,1
DA:187,1
DA:189,2
DA:191,1
DA:193,1
DA:194,1
DA:197,2
DA:198,0
DA:200,0
DA:201,0
DA:205,1
DA:208,2
DA:209,0
DA:211,0
DA:212,0
DA:216,1
DA:219,2
DA:220,0
DA:222,0
DA:223,0
DA:229,1
DA:230,1
DA:231,0
DA:239,0
DA:240,0
DA:244,0
DA:247,0
DA:248,0
DA:249,0
DA:251,0
DA:254,0
DA:257,0
DA:269,0
DA:270,0
DA:272,0
DA:301,0
DA:302,0
DA:303,0
DA:311,0
DA:312,0
DA:314,0
DA:350,0
DA:351,0
DA:352,0
DA:360,0
DA:361,0
DA:363,0
DA:368,0
DA:369,0
DA:370,0
DA:373,0
DA:374,0
DA:375,0
DA:378,0
DA:379,0
DA:380,0
DA:388,0
DA:389,0
DA:390,0
DA:391,0
DA:398,0
DA:399,0
LF:130
LH:77
end_of_record
SF:lib/widgets/authentication_wrapper.dart
DA:10,3
DA:13,1
DA:15,2
DA:16,2
DA:24,2
DA:26,2
DA:27,4
DA:28,2
DA:31,2
DA:33,4
DA:34,2
DA:37,0
DA:39,0
DA:41,0
DA:44,0
DA:46,0
DA:48,0
DA:50,0
DA:52,0
DA:55,0
DA:58,0
DA:64,2
DA:66,4
DA:68,2
DA:69,2
DA:70,0
DA:74,0
DA:78,0
DA:79,0
DA:80,0
DA:86,0
DA:87,0
DA:90,0
DA:91,0
DA:92,0
DA:93,0
DA:100,0
DA:101,0
DA:102,0
DA:103,0
DA:110,0
DA:112,0
DA:113,0
DA:114,0
DA:119,0
DA:120,0
DA:121,0
DA:127,0
DA:132,0
DA:133,0
DA:136,0
DA:137,0
DA:141,0
DA:144,2
DA:146,2
DA:147,2
DA:149,2
DA:150,2
DA:154,0
DA:155,0
DA:159,0
DA:160,0
DA:169,2
DA:170,4
DA:172,2
DA:173,2
DA:174,2
DA:175,2
DA:178,2
DA:179,6
DA:180,4
DA:184,2
DA:185,2
DA:187,2
DA:189,2
DA:192,2
DA:193,4
DA:194,2
DA:196,2
DA:199,4
DA:206,2
DA:208,6
DA:210,4
DA:217,2
DA:219,6
DA:220,6
DA:227,2
DA:228,4
DA:234,2
DA:236,6
DA:237,6
LF:91
LH:49
end_of_record
SF:lib/screens/authentication_screen.dart
DA:9,9
DA:11,1
DA:12,1
DA:25,1
DA:27,1
DA:29,2
DA:34,2
DA:39,2
DA:42,2
DA:43,1
DA:47,2
DA:50,2
DA:51,1
DA:55,1
DA:58,1
DA:60,2
DA:61,2
DA:62,1
DA:65,1
DA:66,2
DA:69,1
DA:70,1
DA:71,0
DA:75,0
DA:77,0
DA:78,0
DA:82,0
DA:83,0
DA:86,0
DA:87,0
DA:89,0
DA:90,0
DA:94,0
DA:95,0
DA:98,0
DA:100,0
DA:103,0
DA:108,1
DA:110,1
DA:111,1
DA:112,1
DA:113,1
DA:115,1
DA:116,1
DA:117,1
DA:120,1
DA:121,3
DA:122,2
DA:126,1
DA:127,1
DA:128,1
DA:129,1
DA:130,1
DA:132,1
DA:134,1
DA:135,1
DA:137,1
DA:140,1
DA:141,2
DA:142,1
DA:144,1
DA:147,2
DA:154,1
DA:156,3
DA:158,2
DA:165,1
DA:167,3
DA:168,3
DA:176,1
DA:177,1
DA:178,1
DA:179,1
DA:184,1
DA:186,1
DA:188,3
DA:189,3
DA:204,1
DA:206,1
DA:207,1
DA:211,0
DA:212,0
DA:216,0
DA:217,0
DA:218,0
DA:219,0
DA:220,0
DA:221,0
DA:222,0
DA:226,0
DA:227,0
DA:228,0
DA:229,0
DA:230,0
DA:231,0
DA:236,0
DA:240,1
DA:241,2
DA:243,1
DA:244,1
DA:246,1
DA:248,1
DA:249,1
DA:252,3
DA:257,1
DA:259,3
DA:266,1
DA:268,3
DA:269,3
DA:276,1
DA:277,0
DA:279,0
DA:283,1
DA:293,1
DA:294,0
DA:296,0
DA:306,0
DA:307,0
DA:308,0
DA:310,0
DA:311,0
DA:313,0
DA:315,0
DA:316,0
DA:319,0
DA:324,0
DA:326,0
DA:328,0
DA:334,0
DA:336,0
DA:337,0
DA:338,0
DA:339,0
DA:344,0
DA:348,0
DA:350,0
DA:351,0
DA:352,0
DA:354,0
DA:355,0
DA:356,0
DA:357,0
DA:369,0
DA:370,0
DA:372,0
DA:373,0
DA:375,0
DA:377,0
DA:378,0
DA:381,0
DA:386,0
DA:388,0
DA:395,0
DA:397,0
DA:398,0
DA:405,0
DA:406,0
DA:408,0
LF:157
LH:80
end_of_record
SF:lib/widgets/biometric_auth_widget.dart
DA:11,1
DA:16,1
DA:18,1
DA:19,1
DA:28,1
DA:30,1
DA:31,2
DA:35,2
DA:38,2
DA:39,1
DA:44,2
DA:47,1
DA:49,2
DA:50,1
DA:53,0
DA:54,0
DA:56,0
DA:57,0
DA:60,0
DA:61,0
DA:63,0
DA:64,0
DA:68,0
DA:69,0
DA:71,0
DA:75,1
DA:77,1
DA:78,1
DA:79,1
DA:80,1
DA:82,1
DA:84,1
DA:86,1
DA:87,1
DA:88,1
DA:89,1
DA:90,2
DA:91,1
DA:94,1
DA:96,3
DA:97,1
DA:98,2
DA:102,1
DA:103,1
DA:105,2
DA:115,1
DA:117,3
DA:125,1
DA:126,2
DA:127,3
DA:128,1
DA:129,0
DA:130,3
DA:138,2
DA:139,1
DA:140,1
DA:141,2
DA:142,3
DA:143,1
DA:154,3
DA:155,0
DA:156,0
DA:160,0
DA:164,0
DA:166,0
DA:167,0
DA:173,1
DA:175,0
DA:177,0
DA:178,0
DA:179,0
DA:181,0
DA:182,0
DA:183,0
DA:185,0
DA:188,0
DA:189,0
DA:190,0
DA:191,0
DA:192,0
DA:202,2
DA:204,1
DA:206,1
DA:207,2
DA:208,1
DA:210,1
DA:211,1
DA:212,1
DA:214,2
DA:217,1
DA:219,1
DA:220,2
DA:234,1
DA:235,1
DA:237,1
DA:244,1
DA:247,0
DA:249,0
DA:251,0
DA:253,0
DA:260,1
DA:264,0
DA:268,0
DA:272,0
LF:104
LH:66
end_of_record
SF:lib/widgets/password_auth_widget.dart
DA:12,1
DA:17,1
DA:19,1
DA:20,1
DA:34,1
DA:36,1
DA:37,2
DA:41,2
DA:44,2
DA:45,1
DA:50,3
DA:51,2
DA:55,1
DA:57,2
DA:58,2
DA:59,2
DA:60,1
DA:63,1
DA:64,4
DA:66,2
DA:67,1
DA:70,2
DA:71,2
DA:73,2
DA:74,1
DA:78,0
DA:81,3
DA:82,0
DA:86,2
DA:87,1
DA:89,2
DA:93,1
DA:94,2
DA:95,1
DA:99,2
DA:100,1
DA:104,1
DA:106,1
DA:107,1
DA:108,1
DA:109,1
DA:110,1
DA:112,1
DA:113,1
DA:114,1
DA:115,1
DA:116,3
DA:117,1
DA:119,1
DA:121,1
DA:124,1
DA:126,3
DA:127,1
DA:128,2
DA:132,1
DA:135,2
DA:142,1
DA:144,3
DA:152,1
DA:153,2
DA:154,3
DA:155,2
DA:163,0
DA:164,0
DA:166,0
DA:167,0
DA:168,0
DA:170,0
DA:171,0
DA:172,0
DA:174,0
DA:178,0
DA:180,0
DA:181,0
DA:185,0
DA:187,0
DA:188,0
DA:189,0
DA:190,0
DA:197,1
DA:199,1
DA:201,1
DA:202,1
DA:204,1
DA:205,1
DA:206,1
DA:207,1
DA:208,1
DA:212,3
DA:215,1
DA:216,1
DA:218,1
DA:221,1
DA:222,1
DA:224,1
DA:225,1
DA:226,1
DA:228,1
DA:229,2
DA:230,2
DA:235,1
DA:236,0
DA:242,1
DA:244,2
DA:245,3
DA:246,1
DA:250,1
DA:253,2
DA:254,2
DA:266,2
DA:267,1
DA:268,3
DA:271,1
DA:282,3
DA:283,0
DA:284,0
DA:286,0
DA:288,0
DA:292,0
DA:294,0
DA:295,0
DA:302,2
DA:304,1
DA:306,1
DA:307,2
DA:308,1
DA:310,1
DA:311,1
DA:312,1
DA:314,2
DA:317,1
DA:318,1
DA:320,1
DA:321,1
DA:322,1
DA:323,1
DA:324,2
DA:327,3
DA:329,0
DA:330,0
DA:331,0
DA:332,0
DA:353,1
DA:356,0
DA:363,1
DA:365,1
DA:375,1
DA:377,2
DA:379,3
LF:149
LH:117
end_of_record
SF:lib/screens/edit_account_screen.dart
DA:9,0
DA:11,0
DA:12,0
DA:23,0
DA:25,0
DA:26,0
DA:27,0
DA:28,0
DA:29,0
DA:32,0
DA:34,0
DA:35,0
DA:36,0
DA:37,0
DA:40,0
DA:41,0
DA:45,0
DA:46,0
DA:50,0
DA:51,0
DA:52,0
DA:53,0
DA:54,0
DA:55,0
DA:58,0
DA:59,0
DA:61,0
DA:62,0
DA:63,0
DA:71,0
DA:72,0
DA:73,0
DA:74,0
DA:80,0
DA:81,0
DA:82,0
DA:88,0
DA:89,0
DA:93,0
DA:94,0
DA:99,0
DA:100,0
DA:108,0
DA:110,0
DA:111,0
DA:112,0
DA:113,0
DA:114,0
DA:115,0
DA:116,0
DA:117,0
DA:118,0
DA:119,0
DA:120,0
DA:121,0
DA:122,0
DA:123,0
DA:124,0
DA:125,0
DA:126,0
DA:127,0
DA:128,0
DA:129,0
DA:130,0
DA:131,0
DA:132,0
DA:138,0
DA:140,0
DA:141,0
DA:142,0
DA:143,0
DA:144,0
DA:145,0
DA:146,0
DA:147,0
DA:148,0
DA:149,0
DA:150,0
DA:151,0
DA:152,0
DA:153,0
DA:154,0
DA:155,0
DA:156,0
DA:157,0
DA:158,0
DA:159,0
DA:160,0
DA:161,0
DA:162,0
DA:168,0
DA:169,0
DA:176,0
DA:177,0
DA:178,0
DA:180,0
DA:182,0
DA:190,0
DA:191,0
DA:192,0
DA:193,0
DA:194,0
DA:196,0
DA:197,0
DA:198,0
DA:199,0
DA:201,0
DA:203,0
DA:204,0
DA:206,0
DA:208,0
DA:211,0
DA:212,0
DA:226,0
DA:227,0
DA:228,0
DA:236,0
DA:238,0
DA:239,0
DA:241,0
DA:242,0
DA:243,0
DA:244,0
DA:257,0
DA:259,0
DA:260,0
DA:261,0
DA:263,0
DA:264,0
DA:265,0
DA:267,0
DA:269,0
DA:278,0
DA:279,0
DA:286,0
DA:287,0
DA:294,0
DA:295,0
DA:302,0
DA:303,0
DA:310,0
DA:311,0
DA:319,0
DA:321,0
DA:323,0
DA:324,0
DA:325,0
DA:327,0
DA:334,0
DA:335,0
DA:336,0
DA:338,0
DA:339,0
DA:340,0
DA:342,0
DA:343,0
DA:346,0
DA:347,0
DA:349,0
DA:358,0
DA:359,0
DA:360,0
DA:363,0
DA:364,0
DA:365,0
DA:369,0
DA:370,0
DA:389,0
DA:390,0
DA:391,0
DA:393,0
DA:395,0
DA:396,0
DA:397,0
DA:398,0
DA:400,0
DA:402,0
DA:405,0
DA:422,0
DA:423,0
DA:424,0
DA:428,0
LF:182
LH:0
end_of_record
SF:lib/screens/qr_scanner_screen.dart
DA:11,8
DA:13,0
DA:14,0
DA:24,0
DA:26,0
DA:27,0
DA:30,0
DA:32,0
DA:33,0
DA:35,0
DA:36,0
DA:37,0
DA:38,0
DA:39,0
DA:40,0
DA:41,0
DA:43,0
DA:45,0
DA:47,0
DA:52,0
DA:54,0
DA:55,0
DA:56,0
DA:57,0
DA:58,0
DA:63,0
DA:67,0
DA:68,0
DA:69,0
DA:70,0
DA:72,0
DA:74,0
DA:75,0
DA:79,0
DA:80,0
DA:84,0
DA:86,0
DA:87,0
DA:88,0
DA:89,0
DA:96,0
DA:99,0
DA:102,0
DA:103,0
DA:104,0
DA:105,0
DA:115,0
DA:116,0
DA:117,0
DA:118,0
DA:119,0
DA:126,0
DA:128,0
DA:129,0
LF:54
LH:1
end_of_record
SF:lib/screens/manual_input_screen.dart
DA:7,8
DA:9,0
DA:10,0
DA:21,0
DA:23,0
DA:24,0
DA:25,0
DA:26,0
DA:29,0
DA:30,0
DA:34,0
DA:35,0
DA:39,0
DA:40,0
DA:41,0
DA:42,0
DA:43,0
DA:44,0
DA:47,0
DA:48,0
DA:50,0
DA:51,0
DA:52,0
DA:60,0
DA:61,0
DA:62,0
DA:63,0
DA:69,0
DA:70,0
DA:71,0
DA:77,0
DA:78,0
DA:82,0
DA:83,0
DA:88,0
DA:89,0
DA:96,0
DA:98,0
DA:99,0
DA:101,0
DA:102,0
DA:103,0
DA:104,0
DA:117,0
DA:119,0
DA:120,0
DA:121,0
DA:123,0
DA:124,0
DA:125,0
DA:127,0
DA:129,0
DA:138,0
DA:139,0
DA:146,0
DA:147,0
DA:154,0
DA:155,0
DA:162,0
DA:163,0
DA:170,0
DA:171,0
DA:179,0
DA:181,0
DA:183,0
DA:184,0
DA:185,0
DA:187,0
DA:197,0
DA:198,0
DA:199,0
DA:201,0
DA:203,0
DA:204,0
DA:205,0
DA:206,0
DA:208,0
DA:210,0
DA:213,0
DA:231,0
DA:232,0
DA:233,0
DA:237,0
LF:83
LH:1
end_of_record
SF:lib/widgets/account_list_item.dart
DA:16,0
DA:18,0
DA:19,0
DA:27,0
DA:29,0
DA:30,0
DA:31,0
DA:32,0
DA:34,0
DA:35,0
DA:36,0
DA:37,0
DA:38,0
DA:44,0
DA:46,0
DA:47,0
DA:50,0
DA:52,0
DA:56,0
DA:57,0
DA:65,0
DA:69,0
DA:70,0
DA:72,0
DA:73,0
DA:75,0
DA:77,0
DA:78,0
DA:81,0
DA:82,0
DA:83,0
DA:87,0
DA:88,0
DA:94,0
DA:95,0
DA:96,0
DA:98,0
DA:102,0
DA:110,0
DA:111,0
DA:112,0
DA:114,0
DA:115,0
DA:120,0
DA:127,0
DA:128,0
DA:129,0
DA:130,0
DA:131,0
DA:139,0
DA:147,0
DA:148,0
DA:149,0
DA:160,0
DA:161,0
DA:163,0
DA:165,0
DA:166,0
DA:167,0
DA:168,0
DA:169,0
DA:172,0
DA:173,0
DA:174,0
DA:175,0
DA:176,0
DA:177,0
DA:184,0
DA:193,0
DA:194,0
DA:195,0
DA:196,0
DA:197,0
DA:198,0
DA:199,0
DA:200,0
DA:201,0
DA:202,0
DA:203,0
DA:204,0
DA:205,0
DA:206,0
DA:207,0
DA:208,0
DA:209,0
DA:210,0
DA:211,0
DA:212,0
DA:213,0
DA:214,0
DA:215,0
DA:216,0
DA:217,0
DA:222,0
DA:224,0
DA:226,0
DA:229,0
DA:230,0
DA:231,0
DA:232,0
DA:233,0
DA:234,0
DA:235,0
DA:241,0
DA:242,0
DA:244,0
DA:246,0
DA:247,0
DA:249,0
DA:250,0
DA:252,0
DA:254,0
DA:255,0
DA:264,0
DA:265,0
DA:275,0
DA:276,0
DA:288,0
DA:289,0
DA:290,0
DA:293,0
DA:294,0
LF:122
LH:0
end_of_record
SF:lib/utils/uri_parser.dart
DA:5,0
DA:7,0
DA:8,0
DA:12,0
DA:13,0
DA:14,0
DA:17,0
DA:18,0
DA:21,0
DA:22,0
DA:28,0
DA:35,0
DA:39,0
DA:40,0
LF:14
LH:0
end_of_record
SF:lib/widgets/auth_config_widget.dart
DA:7,9
DA:9,2
DA:10,2
DA:17,2
DA:19,4
DA:20,2
DA:23,2
DA:25,2
DA:26,2
DA:27,2
DA:29,2
DA:30,2
DA:31,2
DA:33,2
DA:38,2
DA:43,2
DA:46,2
DA:48,0
DA:57,2
DA:58,2
DA:59,4
DA:60,2
DA:62,2
DA:63,2
DA:64,2
DA:65,2
DA:66,4
DA:68,6
DA:69,4
DA:70,2
DA:72,0
DA:74,0
DA:76,0
DA:80,0
DA:82,0
DA:84,0
DA:90,2
DA:91,4
DA:93,2
DA:94,2
DA:96,4
DA:99,2
DA:101,0
DA:103,0
DA:104,0
DA:106,0
DA:109,0
DA:111,0
DA:113,0
DA:119,2
DA:121,0
DA:123,0
DA:127,1
DA:129,0
DA:131,1
DA:137,2
DA:138,4
DA:140,2
DA:141,2
DA:143,4
DA:146,4
DA:148,2
DA:152,0
DA:153,0
DA:155,0
DA:156,0
DA:157,0
DA:158,0
DA:160,0
DA:163,0
DA:164,0
DA:165,0
DA:166,0
DA:167,0
DA:176,2
DA:177,2
DA:181,0
DA:185,0
DA:196,1
DA:197,2
DA:199,1
DA:201,2
DA:202,2
DA:203,1
DA:204,1
DA:206,1
DA:207,1
DA:209,3
DA:212,1
DA:213,1
DA:227,1
DA:228,2
DA:231,1
DA:237,1
DA:238,1
DA:239,2
DA:240,2
DA:244,1
DA:245,5
DA:247,0
DA:248,0
DA:249,0
DA:253,0
DA:254,0
DA:255,0
DA:256,0
DA:257,0
DA:258,0
DA:264,0
DA:265,0
DA:266,0
DA:267,0
DA:273,0
DA:274,0
DA:275,0
DA:280,1
DA:288,0
DA:289,0
DA:291,0
DA:294,0
DA:295,0
DA:296,0
DA:299,0
DA:300,0
DA:301,0
DA:304,0
DA:305,0
DA:306,0
DA:314,0
DA:315,0
DA:316,0
DA:317,0
DA:324,0
DA:325,0
DA:334,1
DA:335,2
DA:338,1
DA:340,2
DA:341,2
DA:343,1
DA:345,1
DA:348,4
DA:349,2
DA:352,0
DA:354,0
DA:362,1
DA:363,1
DA:364,0
DA:367,1
DA:368,0
DA:369,0
DA:372,0
DA:373,0
DA:374,0
DA:382,0
DA:383,0
DA:384,0
DA:385,0
LF:158
LH:81
end_of_record
SF:lib/utils/file_download_mobile.dart
DA:4,0
DA:6,0
DA:7,0
DA:8,0
DA:9,0
LF:5
LH:0
end_of_record
SF:lib/utils/time_sync.dart
DA:5,0
DA:6,0
DA:10,0
DA:11,0
DA:15,0
DA:16,0
DA:17,0
DA:18,0
DA:19,0
DA:20,0
DA:22,0
DA:25,0
DA:26,0
DA:27,0
DA:31,0
DA:32,0
LF:16
LH:0
end_of_record
SF:lib/main.dart
DA:11,0
DA:12,0
DA:15,0
DA:16,0
DA:19,0
DA:23,0
DA:24,0
DA:25,0
DA:26,0
DA:27,0
DA:35,2
DA:37,1
DA:40,1
DA:41,1
DA:42,1
DA:43,1
DA:44,1
DA:46,1
DA:49,1
DA:59,1
DA:62,1
DA:70,1
DA:71,1
DA:72,1
DA:73,1
DA:76,1
DA:82,1
DA:85,1
DA:90,1
DA:92,1
DA:95,1
DA:96,1
DA:98,1
DA:100,1
DA:104,1
DA:105,1
DA:106,1
DA:107,1
DA:108,1
DA:111,1
DA:118,1
DA:119,0
DA:120,0
DA:124,0
DA:128,0
DA:129,0
DA:132,0
DA:133,0
LF:48
LH:31
end_of_record
